<?xml version="1.0" encoding="UTF-8"?>
<testng-results skipped="0" failed="0" total="1" passed="1">
  <reporter-output>
  </reporter-output>
  <suite name="Default suite" duration-ms="8649" started-at="2017-06-07T01:17:47Z" finished-at="2017-06-07T01:17:56Z">
    <groups>
    </groups>
    <test name="Default test" duration-ms="8649" started-at="2017-06-07T01:17:47Z" finished-at="2017-06-07T01:17:56Z">
      <class name="com.selenium.testngDemo.TestNGAnnotationExp">
        <test-method status="PASS" signature="launchBrowser()[pri:0, instance:com.selenium.testngDemo.TestNGAnnotationExp@c038203]" name="launchBrowser" is-config="true" duration-ms="6415" started-at="2017-06-06T18:17:47Z" finished-at="2017-06-06T18:17:54Z">
          <reporter-output>
          </reporter-output>
        </test-method> <!-- launchBrowser -->
        <test-method status="PASS" signature="verifyHomePage()[pri:0, instance:com.selenium.testngDemo.TestNGAnnotationExp@c038203]" name="verifyHomePage" is-config="true" duration-ms="136" started-at="2017-06-06T18:17:54Z" finished-at="2017-06-06T18:17:54Z">
          <reporter-output>
          </reporter-output>
        </test-method> <!-- verifyHomePage -->
        <test-method status="PASS" signature="register()[pri:0, instance:com.selenium.testngDemo.TestNGAnnotationExp@c038203]" name="register" duration-ms="900" started-at="2017-06-06T18:17:54Z" finished-at="2017-06-06T18:17:55Z">
          <reporter-output>
          </reporter-output>
        </test-method> <!-- register -->
        <test-method status="PASS" signature="homePage()[pri:0, instance:com.selenium.testngDemo.TestNGAnnotationExp@c038203]" name="homePage" is-config="true" duration-ms="1157" started-at="2017-06-06T18:17:55Z" finished-at="2017-06-06T18:17:56Z">
          <reporter-output>
          </reporter-output>
        </test-method> <!-- homePage -->
        <test-method status="PASS" signature="terminateBrowser()[pri:0, instance:com.selenium.testngDemo.TestNGAnnotationExp@c038203]" name="terminateBrowser" is-config="true" duration-ms="22" started-at="2017-06-06T18:17:56Z" finished-at="2017-06-06T18:17:56Z">
          <reporter-output>
          </reporter-output>
        </test-method> <!-- terminateBrowser -->
      </class> <!-- com.selenium.testngDemo.TestNGAnnotationExp -->
    </test> <!-- Default test -->
  </suite> <!-- Default suite -->
</testng-results>
